<?xml version="1.0" encoding="UTF-8" ?>
<testsuites errors="1"
            failures="0"
            tests="0">

  <testsuite name="test-with-pageobjects"
    errors="1" failures="0" hostname="" id="" package="test-with-pageobjects" skipped="2"
    tests="0" time="0.000" timestamp="">
  

  
    <system-err>
        Error: An error occurred while retrieving a new session: &#34;session not created: This version of ChromeDriver only supports Chrome version 80&#34;
       at endReadableNT (_stream_readable.js:1081:12)
  Error: An error occurred while retrieving a new session: &#34;session not created: This version of ChromeDriver only supports Chrome version 80&#34;
       at endReadableNT (_stream_readable.js:1081:12)
    </system-err>
  

    
    <error message="An error occurred while retrieving a new session: &#34;session not created: This version of ChromeDriver only supports Chrome version 80&#34;"><![CDATA[
      Error: An error occurred while retrieving a new session: &#34;session not created: This version of ChromeDriver only supports Chrome version 80&#34;
    at JsonWireProtocol.handleSessionCreateError (/Users/tiny/gitlab_pro/super-manage/F2E-components/node_modules/nightwatch/lib/transport/transport.js:103:15)
    at HttpRequest.request.on.on (/Users/tiny/gitlab_pro/super-manage/F2E-components/node_modules/nightwatch/lib/transport/transport.js:167:16)
    at HttpRequest.emit (events.js:182:13)
    at HttpResponse.originalIssuer.on.args (/Users/tiny/gitlab_pro/super-manage/F2E-components/node_modules/nightwatch/lib/http/request.js:131:19)
    at HttpResponse.emit (events.js:182:13)
    at IncomingMessage.res.on (/Users/tiny/gitlab_pro/super-manage/F2E-components/node_modules/nightwatch/lib/http/response.js:58:14)
    at IncomingMessage.emit (events.js:187:15)
    at endReadableNT (_stream_readable.js:1081:12)
    at process._tickCallback (internal/process/next_tick.js:63:19)
      ]]></error>  

  
    
    <testcase
      name="e2e tests using page objects" classname="test-with-pageobjects">
      <skipped />
    </testcase>
    
    <testcase
      name="verify if string &#34;e2e-nightwatch&#34; is within the cli plugin links" classname="test-with-pageobjects">
      <skipped />
    </testcase>
    
  
  </testsuite>
</testsuites>
